INFO:amqp_server.amqp_publisher:Connecting to amqp://guest:guest@localhost:5672/%2F
INFO:pika.adapters.utils.connection_workflow:Pika version 1.0.1 connecting to ('::1', 5672, 0, 0)
ERROR:pika.adapters.utils.io_services_utils:Socket failed to connect: <socket.socket fd=9, family=AddressFamily.AF_INET6, type=SocketKind.SOCK_STREAM, proto=6, laddr=('::1', 57759, 0, 0)>; error=61 (Connection refused)
ERROR:pika.adapters.utils.connection_workflow:TCP Connection attempt failed: ConnectionRefusedError(61, 'Connection refused'); dest=(<AddressFamily.AF_INET6: 30>, <SocketKind.SOCK_STREAM: 1>, 6, '', ('::1', 5672, 0, 0))
ERROR:pika.adapters.utils.connection_workflow:AMQPConnector - reporting failure: AMQPConnectorSocketConnectError: ConnectionRefusedError(61, 'Connection refused')
INFO:pika.adapters.utils.connection_workflow:Pika version 1.0.1 connecting to ('127.0.0.1', 5672)
ERROR:pika.adapters.utils.io_services_utils:Socket failed to connect: <socket.socket fd=9, family=AddressFamily.AF_INET, type=SocketKind.SOCK_STREAM, proto=6, laddr=('127.0.0.1', 57760)>; error=61 (Connection refused)
ERROR:pika.adapters.utils.connection_workflow:TCP Connection attempt failed: ConnectionRefusedError(61, 'Connection refused'); dest=(<AddressFamily.AF_INET: 2>, <SocketKind.SOCK_STREAM: 1>, 6, '', ('127.0.0.1', 5672))
ERROR:pika.adapters.utils.connection_workflow:AMQPConnector - reporting failure: AMQPConnectorSocketConnectError: ConnectionRefusedError(61, 'Connection refused')
ERROR:pika.adapters.utils.connection_workflow:AMQP connection workflow failed: AMQPConnectionWorkflowFailed: 2 exceptions in all; last exception - AMQPConnectorSocketConnectError: ConnectionRefusedError(61, 'Connection refused'); first exception - AMQPConnectorSocketConnectError: ConnectionRefusedError(61, 'Connection refused').
ERROR:pika.adapters.utils.connection_workflow:AMQPConnectionWorkflow - reporting failure: AMQPConnectionWorkflowFailed: 2 exceptions in all; last exception - AMQPConnectorSocketConnectError: ConnectionRefusedError(61, 'Connection refused'); first exception - AMQPConnectorSocketConnectError: ConnectionRefusedError(61, 'Connection refused')
ERROR:pika.adapters.base_connection:Full-stack connection workflow failed: AMQPConnectionWorkflowFailed: 2 exceptions in all; last exception - AMQPConnectorSocketConnectError: ConnectionRefusedError(61, 'Connection refused'); first exception - AMQPConnectorSocketConnectError: ConnectionRefusedError(61, 'Connection refused')
ERROR:pika.adapters.base_connection:Self-initiated stack bring-up failed: AMQPConnectionError: (AMQPConnectionWorkflowFailed: 2 exceptions in all; last exception - AMQPConnectorSocketConnectError: ConnectionRefusedError(61, 'Connection refused'); first exception - AMQPConnectorSocketConnectError: ConnectionRefusedError(61, 'Connection refused'),)
INFO:pika.connection:AMQP stack terminated, failed to connect, or aborted: error-arg=AMQPConnectionError: (AMQPConnectionWorkflowFailed: 2 exceptions in all; last exception - AMQPConnectorSocketConnectError: ConnectionRefusedError(61, 'Connection refused'); first exception - AMQPConnectorSocketConnectError: ConnectionRefusedError(61, 'Connection refused'),); pending-error=None
INFO:pika.connection:Connection setup terminated due to AMQPConnectionError: (AMQPConnectionWorkflowFailed: 2 exceptions in all; last exception - AMQPConnectorSocketConnectError: ConnectionRefusedError(61, 'Connection refused'); first exception - AMQPConnectorSocketConnectError: ConnectionRefusedError(61, 'Connection refused'),)
ERROR:amqp_server.amqp_publisher:Connection open failed, reopening in 5 seconds: 
INFO:amqp_server.amqp_publisher:Stopping
INFO:amqp_server.amqp_publisher:Closing connection
ERROR:pika.connection:Illegal close(200, 'Normal shutdown') request on <SelectConnection CLOSED transport=None params=<URLParameters host=localhost port=5672 virtual_host=/ ssl=False>> because it was called while connection state=CLOSED.
INFO:amqp_server.amqp_publisher:Stopped
INFO:amqp_server.amqp_publisher:Stopped
INFO:amqp_server.amqp_publisher:Connecting to amqp://guest:guest@localhost:5672/%2F
INFO:pika.adapters.utils.connection_workflow:Pika version 1.0.1 connecting to ('::1', 5672, 0, 0)
INFO:pika.adapters.utils.io_services_utils:Socket connected: <socket.socket fd=9, family=AddressFamily.AF_INET6, type=SocketKind.SOCK_STREAM, proto=6, laddr=('::1', 60227, 0, 0), raddr=('::1', 5672, 0, 0)>
INFO:pika.adapters.utils.connection_workflow:Streaming transport linked up: (<pika.adapters.utils.io_services_utils._AsyncPlaintextTransport object at 0x10404f9e8>, _StreamingProtocolShim: <SelectConnection PROTOCOL transport=<pika.adapters.utils.io_services_utils._AsyncPlaintextTransport object at 0x10404f9e8> params=<URLParameters host=localhost port=5672 virtual_host=/ ssl=False>>).
INFO:amqp_server.amqp_publisher:Connection opened
INFO:amqp_server.amqp_publisher:Creating a new channel
INFO:pika.adapters.utils.connection_workflow:AMQPConnector - reporting success: <SelectConnection OPEN transport=<pika.adapters.utils.io_services_utils._AsyncPlaintextTransport object at 0x10404f9e8> params=<URLParameters host=localhost port=5672 virtual_host=/ ssl=False>>
INFO:pika.adapters.utils.connection_workflow:AMQPConnectionWorkflow - reporting success: <SelectConnection OPEN transport=<pika.adapters.utils.io_services_utils._AsyncPlaintextTransport object at 0x10404f9e8> params=<URLParameters host=localhost port=5672 virtual_host=/ ssl=False>>
INFO:amqp_server.amqp_publisher:Channel opened
INFO:amqp_server.amqp_publisher:Adding channel close callback
INFO:amqp_server.amqp_publisher:Declaring exchange task_exchange
INFO:amqp_server.amqp_publisher:Exchange declared: task_exchange
INFO:amqp_server.amqp_publisher:Declaring queue task_queue
INFO:amqp_server.amqp_publisher:Binding task_exchange to task_queue with task
INFO:amqp_server.amqp_publisher:Queue bound
INFO:amqp_server.amqp_publisher:Issuing consumer related RPC commands
INFO:amqp_server.amqp_publisher:Issuing Confirm.Select RPC command
INFO:amqp_server.amqp_publisher:Scheduling next message for 1.0 seconds
INFO:amqp_server.amqp_publisher:Published message # 1
INFO:amqp_server.amqp_publisher:Scheduling next message for 1.0 seconds
INFO:amqp_server.amqp_publisher:Received ack for delivery tag: 1
INFO:amqp_server.amqp_publisher:Published 1 messages, 0 have yet to be confirmed, 1 were acked and 0 were nacked
INFO:amqp_server.amqp_publisher:Published message # 2
INFO:amqp_server.amqp_publisher:Scheduling next message for 1.0 seconds
INFO:amqp_server.amqp_publisher:Received ack for delivery tag: 2
INFO:amqp_server.amqp_publisher:Published 2 messages, 0 have yet to be confirmed, 2 were acked and 0 were nacked
INFO:amqp_server.amqp_publisher:Published message # 3
INFO:amqp_server.amqp_publisher:Scheduling next message for 1.0 seconds
INFO:amqp_server.amqp_publisher:Received ack for delivery tag: 3
INFO:amqp_server.amqp_publisher:Published 3 messages, 0 have yet to be confirmed, 3 were acked and 0 were nacked
INFO:amqp_server.amqp_publisher:Published message # 4
INFO:amqp_server.amqp_publisher:Scheduling next message for 1.0 seconds
INFO:amqp_server.amqp_publisher:Received ack for delivery tag: 4
INFO:amqp_server.amqp_publisher:Published 4 messages, 0 have yet to be confirmed, 4 were acked and 0 were nacked
INFO:amqp_server.amqp_publisher:Published message # 5
INFO:amqp_server.amqp_publisher:Scheduling next message for 1.0 seconds
INFO:amqp_server.amqp_publisher:Received ack for delivery tag: 5
INFO:amqp_server.amqp_publisher:Published 5 messages, 0 have yet to be confirmed, 5 were acked and 0 were nacked
INFO:amqp_server.amqp_publisher:Published message # 6
INFO:amqp_server.amqp_publisher:Scheduling next message for 1.0 seconds
INFO:amqp_server.amqp_publisher:Received ack for delivery tag: 6
INFO:amqp_server.amqp_publisher:Published 6 messages, 0 have yet to be confirmed, 6 were acked and 0 were nacked
INFO:amqp_server.amqp_publisher:Published message # 7
INFO:amqp_server.amqp_publisher:Scheduling next message for 1.0 seconds
INFO:amqp_server.amqp_publisher:Received ack for delivery tag: 7
INFO:amqp_server.amqp_publisher:Published 7 messages, 0 have yet to be confirmed, 7 were acked and 0 were nacked
INFO:amqp_server.amqp_publisher:Published message # 8
INFO:amqp_server.amqp_publisher:Scheduling next message for 1.0 seconds
INFO:amqp_server.amqp_publisher:Received ack for delivery tag: 8
INFO:amqp_server.amqp_publisher:Published 8 messages, 0 have yet to be confirmed, 8 were acked and 0 were nacked
INFO:amqp_server.amqp_publisher:Published message # 9
INFO:amqp_server.amqp_publisher:Scheduling next message for 1.0 seconds
INFO:amqp_server.amqp_publisher:Received ack for delivery tag: 9
INFO:amqp_server.amqp_publisher:Published 9 messages, 0 have yet to be confirmed, 9 were acked and 0 were nacked
INFO:amqp_server.amqp_publisher:Published message # 10
INFO:amqp_server.amqp_publisher:Scheduling next message for 1.0 seconds
INFO:amqp_server.amqp_publisher:Received ack for delivery tag: 10
INFO:amqp_server.amqp_publisher:Published 10 messages, 0 have yet to be confirmed, 10 were acked and 0 were nacked
INFO:amqp_server.amqp_publisher:Published message # 11
INFO:amqp_server.amqp_publisher:Scheduling next message for 1.0 seconds
INFO:amqp_server.amqp_publisher:Received ack for delivery tag: 11
INFO:amqp_server.amqp_publisher:Published 11 messages, 0 have yet to be confirmed, 11 were acked and 0 were nacked
INFO:amqp_server.amqp_publisher:Published message # 12
INFO:amqp_server.amqp_publisher:Scheduling next message for 1.0 seconds
INFO:amqp_server.amqp_publisher:Received ack for delivery tag: 12
INFO:amqp_server.amqp_publisher:Published 12 messages, 0 have yet to be confirmed, 12 were acked and 0 were nacked
INFO:amqp_server.amqp_publisher:Published message # 13
INFO:amqp_server.amqp_publisher:Scheduling next message for 1.0 seconds
INFO:amqp_server.amqp_publisher:Received ack for delivery tag: 13
INFO:amqp_server.amqp_publisher:Published 13 messages, 0 have yet to be confirmed, 13 were acked and 0 were nacked
INFO:amqp_server.amqp_publisher:Published message # 14
INFO:amqp_server.amqp_publisher:Scheduling next message for 1.0 seconds
INFO:amqp_server.amqp_publisher:Received ack for delivery tag: 14
INFO:amqp_server.amqp_publisher:Published 14 messages, 0 have yet to be confirmed, 14 were acked and 0 were nacked
INFO:amqp_server.amqp_publisher:Published message # 15
INFO:amqp_server.amqp_publisher:Scheduling next message for 1.0 seconds
INFO:amqp_server.amqp_publisher:Received ack for delivery tag: 15
INFO:amqp_server.amqp_publisher:Published 15 messages, 0 have yet to be confirmed, 15 were acked and 0 were nacked
INFO:amqp_server.amqp_publisher:Published message # 16
INFO:amqp_server.amqp_publisher:Scheduling next message for 1.0 seconds
INFO:amqp_server.amqp_publisher:Received ack for delivery tag: 16
INFO:amqp_server.amqp_publisher:Published 16 messages, 0 have yet to be confirmed, 16 were acked and 0 were nacked
INFO:amqp_server.amqp_publisher:Published message # 17
INFO:amqp_server.amqp_publisher:Scheduling next message for 1.0 seconds
INFO:amqp_server.amqp_publisher:Received ack for delivery tag: 17
INFO:amqp_server.amqp_publisher:Published 17 messages, 0 have yet to be confirmed, 17 were acked and 0 were nacked
INFO:amqp_server.amqp_publisher:Published message # 18
INFO:amqp_server.amqp_publisher:Scheduling next message for 1.0 seconds
INFO:amqp_server.amqp_publisher:Received ack for delivery tag: 18
INFO:amqp_server.amqp_publisher:Published 18 messages, 0 have yet to be confirmed, 18 were acked and 0 were nacked
INFO:amqp_server.amqp_publisher:Published message # 19
INFO:amqp_server.amqp_publisher:Scheduling next message for 1.0 seconds
INFO:amqp_server.amqp_publisher:Received ack for delivery tag: 19
INFO:amqp_server.amqp_publisher:Published 19 messages, 0 have yet to be confirmed, 19 were acked and 0 were nacked
INFO:amqp_server.amqp_publisher:Published message # 20
INFO:amqp_server.amqp_publisher:Scheduling next message for 1.0 seconds
INFO:amqp_server.amqp_publisher:Received ack for delivery tag: 20
INFO:amqp_server.amqp_publisher:Published 20 messages, 0 have yet to be confirmed, 20 were acked and 0 were nacked
INFO:amqp_server.amqp_publisher:Published message # 21
INFO:amqp_server.amqp_publisher:Scheduling next message for 1.0 seconds
INFO:amqp_server.amqp_publisher:Received ack for delivery tag: 21
INFO:amqp_server.amqp_publisher:Published 21 messages, 0 have yet to be confirmed, 21 were acked and 0 were nacked
INFO:amqp_server.amqp_publisher:Stopping
INFO:amqp_server.amqp_publisher:Closing the channel
INFO:pika.channel:Closing channel (0): 'Normal shutdown' on <Channel number=1 OPEN conn=<SelectConnection OPEN transport=<pika.adapters.utils.io_services_utils._AsyncPlaintextTransport object at 0x10404f9e8> params=<URLParameters host=localhost port=5672 virtual_host=/ ssl=False>>>
INFO:amqp_server.amqp_publisher:Closing connection
INFO:pika.connection:Closing connection (200): 'Normal shutdown'
INFO:pika.connection:Connection.close is waiting for 1 channels to close: <SelectConnection CLOSING transport=<pika.adapters.utils.io_services_utils._AsyncPlaintextTransport object at 0x10404f9e8> params=<URLParameters host=localhost port=5672 virtual_host=/ ssl=False>>
INFO:pika.channel:Received <Channel.CloseOk> on <Channel number=1 CLOSING conn=<SelectConnection CLOSING transport=<pika.adapters.utils.io_services_utils._AsyncPlaintextTransport object at 0x10404f9e8> params=<URLParameters host=localhost port=5672 virtual_host=/ ssl=False>>>
WARNING:amqp_server.amqp_publisher:Channel 1 was closed: (0, 'Normal shutdown')
INFO:pika.adapters.utils.io_services_utils:Aborting transport connection: state=1; <socket.socket fd=9, family=AddressFamily.AF_INET6, type=SocketKind.SOCK_STREAM, proto=6, laddr=('::1', 60227, 0, 0), raddr=('::1', 5672, 0, 0)>
INFO:pika.adapters.utils.io_services_utils:_AsyncTransportBase._initate_abort(): Initiating abrupt asynchronous transport shutdown: state=1; error=None; <socket.socket fd=9, family=AddressFamily.AF_INET6, type=SocketKind.SOCK_STREAM, proto=6, laddr=('::1', 60227, 0, 0), raddr=('::1', 5672, 0, 0)>
INFO:pika.adapters.utils.io_services_utils:Deactivating transport: state=1; <socket.socket fd=9, family=AddressFamily.AF_INET6, type=SocketKind.SOCK_STREAM, proto=6, laddr=('::1', 60227, 0, 0), raddr=('::1', 5672, 0, 0)>
INFO:pika.connection:AMQP stack terminated, failed to connect, or aborted: error-arg=None; pending-error=ConnectionClosedByClient: (200) 'Normal shutdown'
INFO:pika.connection:Stack terminated due to ConnectionClosedByClient: (200) 'Normal shutdown'
INFO:pika.adapters.utils.io_services_utils:Closing transport socket and unlinking: state=3; <socket.socket fd=9, family=AddressFamily.AF_INET6, type=SocketKind.SOCK_STREAM, proto=6, laddr=('::1', 60227, 0, 0), raddr=('::1', 5672, 0, 0)>
INFO:amqp_server.amqp_publisher:Stopped
INFO:amqp_server.amqp_publisher:Connecting to amqp://guest:guest@localhost:5672/%2F
INFO:pika.adapters.utils.connection_workflow:Pika version 1.0.1 connecting to ('::1', 5672, 0, 0)
INFO:pika.adapters.utils.io_services_utils:Socket connected: <socket.socket fd=9, family=AddressFamily.AF_INET6, type=SocketKind.SOCK_STREAM, proto=6, laddr=('::1', 65391, 0, 0), raddr=('::1', 5672, 0, 0)>
INFO:pika.adapters.utils.connection_workflow:Streaming transport linked up: (<pika.adapters.utils.io_services_utils._AsyncPlaintextTransport object at 0x10dd09fd0>, _StreamingProtocolShim: <SelectConnection PROTOCOL transport=<pika.adapters.utils.io_services_utils._AsyncPlaintextTransport object at 0x10dd09fd0> params=<URLParameters host=localhost port=5672 virtual_host=/ ssl=False>>).
INFO:pika.adapters.utils.io_services_utils:Aborting transport connection: state=1; <socket.socket fd=9, family=AddressFamily.AF_INET6, type=SocketKind.SOCK_STREAM, proto=6, laddr=('::1', 65391, 0, 0), raddr=('::1', 5672, 0, 0)>
INFO:pika.adapters.utils.io_services_utils:_AsyncTransportBase._initate_abort(): Initiating abrupt asynchronous transport shutdown: state=1; error=None; <socket.socket fd=9, family=AddressFamily.AF_INET6, type=SocketKind.SOCK_STREAM, proto=6, laddr=('::1', 65391, 0, 0), raddr=('::1', 5672, 0, 0)>
INFO:pika.adapters.utils.io_services_utils:Deactivating transport: state=1; <socket.socket fd=9, family=AddressFamily.AF_INET6, type=SocketKind.SOCK_STREAM, proto=6, laddr=('::1', 65391, 0, 0), raddr=('::1', 5672, 0, 0)>
INFO:pika.connection:AMQP stack terminated, failed to connect, or aborted: error-arg=None; pending-error=ConnectionClosedByBroker: (403) 'ACCESS_REFUSED - Login was refused using authentication mechanism PLAIN. For details see the broker logfile.'
INFO:pika.connection:Connection setup terminated due to ConnectionClosedByBroker: (403) 'ACCESS_REFUSED - Login was refused using authentication mechanism PLAIN. For details see the broker logfile.'
ERROR:amqp_server.amqp_publisher:Connection open failed, reopening in 5 seconds: (403, 'ACCESS_REFUSED - Login was refused using authentication mechanism PLAIN. For details see the broker logfile.')
ERROR:pika.adapters.utils.connection_workflow:AMQPConnector - reporting failure: AMQPConnectorAMQPHandshakeError: ConnectionClosedByBroker: (403) 'ACCESS_REFUSED - Login was refused using authentication mechanism PLAIN. For details see the broker logfile.'
ERROR:pika.adapters.utils.connection_workflow:AMQPConnectionWorkflow - reporting failure: AMQPConnectionWorkflowFailed: 1 exceptions in all; last exception - AMQPConnectorAMQPHandshakeError: ConnectionClosedByBroker: (403) 'ACCESS_REFUSED - Login was refused using authentication mechanism PLAIN. For details see the broker logfile.'; first exception - None
ERROR:pika.adapters.base_connection:Full-stack connection workflow failed: AMQPConnectionWorkflowFailed: 1 exceptions in all; last exception - AMQPConnectorAMQPHandshakeError: ConnectionClosedByBroker: (403) 'ACCESS_REFUSED - Login was refused using authentication mechanism PLAIN. For details see the broker logfile.'; first exception - None
ERROR:pika.adapters.base_connection:Self-initiated stack bring-up failed: AMQPConnectionWorkflowFailed: 1 exceptions in all; last exception - AMQPConnectorAMQPHandshakeError: ConnectionClosedByBroker: (403) 'ACCESS_REFUSED - Login was refused using authentication mechanism PLAIN. For details see the broker logfile.'; first exception - None
INFO:pika.adapters.utils.io_services_utils:Closing transport socket and unlinking: state=3; <socket.socket fd=9, family=AddressFamily.AF_INET6, type=SocketKind.SOCK_STREAM, proto=6, laddr=('::1', 65391, 0, 0), raddr=('::1', 5672, 0, 0)>
INFO:amqp_server.amqp_publisher:Connecting to amqp://guest:guest@localhost:5672/%2F
INFO:pika.adapters.utils.connection_workflow:Pika version 1.0.1 connecting to ('::1', 5672, 0, 0)
INFO:pika.adapters.utils.io_services_utils:Socket connected: <socket.socket fd=11, family=AddressFamily.AF_INET6, type=SocketKind.SOCK_STREAM, proto=6, laddr=('::1', 65401, 0, 0), raddr=('::1', 5672, 0, 0)>
INFO:pika.adapters.utils.connection_workflow:Streaming transport linked up: (<pika.adapters.utils.io_services_utils._AsyncPlaintextTransport object at 0x10dd36c88>, _StreamingProtocolShim: <SelectConnection PROTOCOL transport=<pika.adapters.utils.io_services_utils._AsyncPlaintextTransport object at 0x10dd36c88> params=<URLParameters host=localhost port=5672 virtual_host=/ ssl=False>>).
INFO:pika.adapters.utils.io_services_utils:Aborting transport connection: state=1; <socket.socket fd=11, family=AddressFamily.AF_INET6, type=SocketKind.SOCK_STREAM, proto=6, laddr=('::1', 65401, 0, 0), raddr=('::1', 5672, 0, 0)>
INFO:pika.adapters.utils.io_services_utils:_AsyncTransportBase._initate_abort(): Initiating abrupt asynchronous transport shutdown: state=1; error=None; <socket.socket fd=11, family=AddressFamily.AF_INET6, type=SocketKind.SOCK_STREAM, proto=6, laddr=('::1', 65401, 0, 0), raddr=('::1', 5672, 0, 0)>
INFO:pika.adapters.utils.io_services_utils:Deactivating transport: state=1; <socket.socket fd=11, family=AddressFamily.AF_INET6, type=SocketKind.SOCK_STREAM, proto=6, laddr=('::1', 65401, 0, 0), raddr=('::1', 5672, 0, 0)>
INFO:pika.connection:AMQP stack terminated, failed to connect, or aborted: error-arg=None; pending-error=ConnectionClosedByBroker: (403) 'ACCESS_REFUSED - Login was refused using authentication mechanism PLAIN. For details see the broker logfile.'
INFO:pika.connection:Connection setup terminated due to ConnectionClosedByBroker: (403) 'ACCESS_REFUSED - Login was refused using authentication mechanism PLAIN. For details see the broker logfile.'
ERROR:amqp_server.amqp_publisher:Connection open failed, reopening in 5 seconds: (403, 'ACCESS_REFUSED - Login was refused using authentication mechanism PLAIN. For details see the broker logfile.')
ERROR:pika.adapters.utils.connection_workflow:AMQPConnector - reporting failure: AMQPConnectorAMQPHandshakeError: ConnectionClosedByBroker: (403) 'ACCESS_REFUSED - Login was refused using authentication mechanism PLAIN. For details see the broker logfile.'
ERROR:pika.adapters.utils.connection_workflow:AMQPConnectionWorkflow - reporting failure: AMQPConnectionWorkflowFailed: 1 exceptions in all; last exception - AMQPConnectorAMQPHandshakeError: ConnectionClosedByBroker: (403) 'ACCESS_REFUSED - Login was refused using authentication mechanism PLAIN. For details see the broker logfile.'; first exception - None
ERROR:pika.adapters.base_connection:Full-stack connection workflow failed: AMQPConnectionWorkflowFailed: 1 exceptions in all; last exception - AMQPConnectorAMQPHandshakeError: ConnectionClosedByBroker: (403) 'ACCESS_REFUSED - Login was refused using authentication mechanism PLAIN. For details see the broker logfile.'; first exception - None
ERROR:pika.adapters.base_connection:Self-initiated stack bring-up failed: AMQPConnectionWorkflowFailed: 1 exceptions in all; last exception - AMQPConnectorAMQPHandshakeError: ConnectionClosedByBroker: (403) 'ACCESS_REFUSED - Login was refused using authentication mechanism PLAIN. For details see the broker logfile.'; first exception - None
INFO:pika.adapters.utils.io_services_utils:Closing transport socket and unlinking: state=3; <socket.socket fd=11, family=AddressFamily.AF_INET6, type=SocketKind.SOCK_STREAM, proto=6, laddr=('::1', 65401, 0, 0), raddr=('::1', 5672, 0, 0)>
INFO:amqp_server.amqp_publisher:Connecting to amqp://guest:guest@localhost:5672/%2F
INFO:pika.adapters.utils.connection_workflow:Pika version 1.0.1 connecting to ('::1', 5672, 0, 0)
INFO:pika.adapters.utils.io_services_utils:Socket connected: <socket.socket fd=13, family=AddressFamily.AF_INET6, type=SocketKind.SOCK_STREAM, proto=6, laddr=('::1', 65409, 0, 0), raddr=('::1', 5672, 0, 0)>
INFO:pika.adapters.utils.connection_workflow:Streaming transport linked up: (<pika.adapters.utils.io_services_utils._AsyncPlaintextTransport object at 0x10de990b8>, _StreamingProtocolShim: <SelectConnection PROTOCOL transport=<pika.adapters.utils.io_services_utils._AsyncPlaintextTransport object at 0x10de990b8> params=<URLParameters host=localhost port=5672 virtual_host=/ ssl=False>>).
INFO:pika.adapters.utils.io_services_utils:Aborting transport connection: state=1; <socket.socket fd=13, family=AddressFamily.AF_INET6, type=SocketKind.SOCK_STREAM, proto=6, laddr=('::1', 65409, 0, 0), raddr=('::1', 5672, 0, 0)>
INFO:pika.adapters.utils.io_services_utils:_AsyncTransportBase._initate_abort(): Initiating abrupt asynchronous transport shutdown: state=1; error=None; <socket.socket fd=13, family=AddressFamily.AF_INET6, type=SocketKind.SOCK_STREAM, proto=6, laddr=('::1', 65409, 0, 0), raddr=('::1', 5672, 0, 0)>
INFO:pika.adapters.utils.io_services_utils:Deactivating transport: state=1; <socket.socket fd=13, family=AddressFamily.AF_INET6, type=SocketKind.SOCK_STREAM, proto=6, laddr=('::1', 65409, 0, 0), raddr=('::1', 5672, 0, 0)>
INFO:pika.connection:AMQP stack terminated, failed to connect, or aborted: error-arg=None; pending-error=ConnectionClosedByBroker: (403) 'ACCESS_REFUSED - Login was refused using authentication mechanism PLAIN. For details see the broker logfile.'
INFO:pika.connection:Connection setup terminated due to ConnectionClosedByBroker: (403) 'ACCESS_REFUSED - Login was refused using authentication mechanism PLAIN. For details see the broker logfile.'
ERROR:amqp_server.amqp_publisher:Connection open failed, reopening in 5 seconds: (403, 'ACCESS_REFUSED - Login was refused using authentication mechanism PLAIN. For details see the broker logfile.')
ERROR:pika.adapters.utils.connection_workflow:AMQPConnector - reporting failure: AMQPConnectorAMQPHandshakeError: ConnectionClosedByBroker: (403) 'ACCESS_REFUSED - Login was refused using authentication mechanism PLAIN. For details see the broker logfile.'
ERROR:pika.adapters.utils.connection_workflow:AMQPConnectionWorkflow - reporting failure: AMQPConnectionWorkflowFailed: 1 exceptions in all; last exception - AMQPConnectorAMQPHandshakeError: ConnectionClosedByBroker: (403) 'ACCESS_REFUSED - Login was refused using authentication mechanism PLAIN. For details see the broker logfile.'; first exception - None
ERROR:pika.adapters.base_connection:Full-stack connection workflow failed: AMQPConnectionWorkflowFailed: 1 exceptions in all; last exception - AMQPConnectorAMQPHandshakeError: ConnectionClosedByBroker: (403) 'ACCESS_REFUSED - Login was refused using authentication mechanism PLAIN. For details see the broker logfile.'; first exception - None
ERROR:pika.adapters.base_connection:Self-initiated stack bring-up failed: AMQPConnectionWorkflowFailed: 1 exceptions in all; last exception - AMQPConnectorAMQPHandshakeError: ConnectionClosedByBroker: (403) 'ACCESS_REFUSED - Login was refused using authentication mechanism PLAIN. For details see the broker logfile.'; first exception - None
INFO:pika.adapters.utils.io_services_utils:Closing transport socket and unlinking: state=3; <socket.socket fd=13, family=AddressFamily.AF_INET6, type=SocketKind.SOCK_STREAM, proto=6, laddr=('::1', 65409, 0, 0), raddr=('::1', 5672, 0, 0)>
INFO:amqp_server.amqp_publisher:Stopping
INFO:amqp_server.amqp_publisher:Closing connection
ERROR:pika.connection:Illegal close(200, 'Normal shutdown') request on <SelectConnection CLOSED transport=None params=<URLParameters host=localhost port=5672 virtual_host=/ ssl=False>> because it was called while connection state=CLOSED.
INFO:amqp_server.amqp_publisher:Stopped
INFO:amqp_server.amqp_publisher:Stopped
INFO:amqp_server.amqp_publisher:Connecting to amqp://admin:admin@localhost:5672/
INFO:pika.adapters.utils.connection_workflow:Pika version 1.0.1 connecting to ('::1', 5672, 0, 0)
INFO:pika.adapters.utils.io_services_utils:Socket connected: <socket.socket fd=9, family=AddressFamily.AF_INET6, type=SocketKind.SOCK_STREAM, proto=6, laddr=('::1', 49432, 0, 0), raddr=('::1', 5672, 0, 0)>
INFO:pika.adapters.utils.connection_workflow:Streaming transport linked up: (<pika.adapters.utils.io_services_utils._AsyncPlaintextTransport object at 0x10e4dd278>, _StreamingProtocolShim: <SelectConnection PROTOCOL transport=<pika.adapters.utils.io_services_utils._AsyncPlaintextTransport object at 0x10e4dd278> params=<ConnectionParameters host=localhost port=5672 virtual_host=/ ssl=False>>).
INFO:amqp_server.amqp_publisher:Connection opened
INFO:amqp_server.amqp_publisher:Creating a new channel
INFO:pika.adapters.utils.connection_workflow:AMQPConnector - reporting success: <SelectConnection OPEN transport=<pika.adapters.utils.io_services_utils._AsyncPlaintextTransport object at 0x10e4dd278> params=<ConnectionParameters host=localhost port=5672 virtual_host=/ ssl=False>>
INFO:pika.adapters.utils.connection_workflow:AMQPConnectionWorkflow - reporting success: <SelectConnection OPEN transport=<pika.adapters.utils.io_services_utils._AsyncPlaintextTransport object at 0x10e4dd278> params=<ConnectionParameters host=localhost port=5672 virtual_host=/ ssl=False>>
INFO:amqp_server.amqp_publisher:Channel opened
INFO:amqp_server.amqp_publisher:Adding channel close callback
INFO:amqp_server.amqp_publisher:Declaring exchange task_exchange
INFO:amqp_server.amqp_publisher:Exchange declared: task_exchange
INFO:amqp_server.amqp_publisher:Declaring queue task_queue
INFO:amqp_server.amqp_publisher:Binding task_exchange to task_queue with task
INFO:amqp_server.amqp_publisher:Queue bound
INFO:amqp_server.amqp_publisher:Issuing consumer related RPC commands
INFO:amqp_server.amqp_publisher:Issuing Confirm.Select RPC command
INFO:amqp_server.amqp_publisher:Scheduling next message for 1.0 seconds
INFO:amqp_server.amqp_publisher:Published message # 1
INFO:amqp_server.amqp_publisher:Scheduling next message for 1.0 seconds
INFO:amqp_server.amqp_publisher:Received ack for delivery tag: 1
INFO:amqp_server.amqp_publisher:Published 1 messages, 0 have yet to be confirmed, 1 were acked and 0 were nacked
INFO:amqp_server.amqp_publisher:Published message # 2
INFO:amqp_server.amqp_publisher:Scheduling next message for 1.0 seconds
INFO:amqp_server.amqp_publisher:Received ack for delivery tag: 2
INFO:amqp_server.amqp_publisher:Published 2 messages, 0 have yet to be confirmed, 2 were acked and 0 were nacked
INFO:amqp_server.amqp_publisher:Published message # 3
INFO:amqp_server.amqp_publisher:Scheduling next message for 1.0 seconds
INFO:amqp_server.amqp_publisher:Received ack for delivery tag: 3
INFO:amqp_server.amqp_publisher:Published 3 messages, 0 have yet to be confirmed, 3 were acked and 0 were nacked
INFO:amqp_server.amqp_publisher:Published message # 4
INFO:amqp_server.amqp_publisher:Scheduling next message for 1.0 seconds
INFO:amqp_server.amqp_publisher:Received ack for delivery tag: 4
INFO:amqp_server.amqp_publisher:Published 4 messages, 0 have yet to be confirmed, 4 were acked and 0 were nacked
INFO:amqp_server.amqp_publisher:Published message # 5
INFO:amqp_server.amqp_publisher:Scheduling next message for 1.0 seconds
INFO:amqp_server.amqp_publisher:Received ack for delivery tag: 5
INFO:amqp_server.amqp_publisher:Published 5 messages, 0 have yet to be confirmed, 5 were acked and 0 were nacked
INFO:amqp_server.amqp_publisher:Published message # 6
INFO:amqp_server.amqp_publisher:Scheduling next message for 1.0 seconds
INFO:amqp_server.amqp_publisher:Received ack for delivery tag: 6
INFO:amqp_server.amqp_publisher:Published 6 messages, 0 have yet to be confirmed, 6 were acked and 0 were nacked
INFO:amqp_server.amqp_publisher:Published message # 7
INFO:amqp_server.amqp_publisher:Scheduling next message for 1.0 seconds
INFO:amqp_server.amqp_publisher:Received ack for delivery tag: 7
INFO:amqp_server.amqp_publisher:Published 7 messages, 0 have yet to be confirmed, 7 were acked and 0 were nacked
INFO:amqp_server.amqp_publisher:Published message # 8
INFO:amqp_server.amqp_publisher:Scheduling next message for 1.0 seconds
INFO:amqp_server.amqp_publisher:Received ack for delivery tag: 8
INFO:amqp_server.amqp_publisher:Published 8 messages, 0 have yet to be confirmed, 8 were acked and 0 were nacked
INFO:amqp_server.amqp_publisher:Published message # 9
INFO:amqp_server.amqp_publisher:Scheduling next message for 1.0 seconds
INFO:amqp_server.amqp_publisher:Received ack for delivery tag: 9
INFO:amqp_server.amqp_publisher:Published 9 messages, 0 have yet to be confirmed, 9 were acked and 0 were nacked
INFO:amqp_server.amqp_publisher:Published message # 10
INFO:amqp_server.amqp_publisher:Scheduling next message for 1.0 seconds
INFO:amqp_server.amqp_publisher:Received ack for delivery tag: 10
INFO:amqp_server.amqp_publisher:Published 10 messages, 0 have yet to be confirmed, 10 were acked and 0 were nacked
INFO:amqp_server.amqp_publisher:Published message # 11
INFO:amqp_server.amqp_publisher:Scheduling next message for 1.0 seconds
INFO:amqp_server.amqp_publisher:Received ack for delivery tag: 11
INFO:amqp_server.amqp_publisher:Published 11 messages, 0 have yet to be confirmed, 11 were acked and 0 were nacked
INFO:amqp_server.amqp_publisher:Published message # 12
INFO:amqp_server.amqp_publisher:Scheduling next message for 1.0 seconds
INFO:amqp_server.amqp_publisher:Received ack for delivery tag: 12
INFO:amqp_server.amqp_publisher:Published 12 messages, 0 have yet to be confirmed, 12 were acked and 0 were nacked
INFO:amqp_server.amqp_publisher:Published message # 13
INFO:amqp_server.amqp_publisher:Scheduling next message for 1.0 seconds
INFO:amqp_server.amqp_publisher:Received ack for delivery tag: 13
INFO:amqp_server.amqp_publisher:Published 13 messages, 0 have yet to be confirmed, 13 were acked and 0 were nacked
INFO:amqp_server.amqp_publisher:Published message # 14
INFO:amqp_server.amqp_publisher:Scheduling next message for 1.0 seconds
INFO:amqp_server.amqp_publisher:Received ack for delivery tag: 14
INFO:amqp_server.amqp_publisher:Published 14 messages, 0 have yet to be confirmed, 14 were acked and 0 were nacked
INFO:amqp_server.amqp_publisher:Published message # 15
INFO:amqp_server.amqp_publisher:Scheduling next message for 1.0 seconds
INFO:amqp_server.amqp_publisher:Received ack for delivery tag: 15
INFO:amqp_server.amqp_publisher:Published 15 messages, 0 have yet to be confirmed, 15 were acked and 0 were nacked
INFO:amqp_server.amqp_publisher:Published message # 16
INFO:amqp_server.amqp_publisher:Scheduling next message for 1.0 seconds
INFO:amqp_server.amqp_publisher:Received ack for delivery tag: 16
INFO:amqp_server.amqp_publisher:Published 16 messages, 0 have yet to be confirmed, 16 were acked and 0 were nacked
INFO:amqp_server.amqp_publisher:Published message # 17
INFO:amqp_server.amqp_publisher:Scheduling next message for 1.0 seconds
INFO:amqp_server.amqp_publisher:Received ack for delivery tag: 17
INFO:amqp_server.amqp_publisher:Published 17 messages, 0 have yet to be confirmed, 17 were acked and 0 were nacked
INFO:amqp_server.amqp_publisher:Published message # 18
INFO:amqp_server.amqp_publisher:Scheduling next message for 1.0 seconds
INFO:amqp_server.amqp_publisher:Received ack for delivery tag: 18
INFO:amqp_server.amqp_publisher:Published 18 messages, 0 have yet to be confirmed, 18 were acked and 0 were nacked
INFO:amqp_server.amqp_publisher:Published message # 19
INFO:amqp_server.amqp_publisher:Scheduling next message for 1.0 seconds
INFO:amqp_server.amqp_publisher:Received ack for delivery tag: 19
INFO:amqp_server.amqp_publisher:Published 19 messages, 0 have yet to be confirmed, 19 were acked and 0 were nacked
INFO:amqp_server.amqp_publisher:Published message # 20
INFO:amqp_server.amqp_publisher:Scheduling next message for 1.0 seconds
INFO:amqp_server.amqp_publisher:Received ack for delivery tag: 20
INFO:amqp_server.amqp_publisher:Published 20 messages, 0 have yet to be confirmed, 20 were acked and 0 were nacked
INFO:amqp_server.amqp_publisher:Stopping
INFO:amqp_server.amqp_publisher:Closing the channel
INFO:pika.channel:Closing channel (0): 'Normal shutdown' on <Channel number=1 OPEN conn=<SelectConnection OPEN transport=<pika.adapters.utils.io_services_utils._AsyncPlaintextTransport object at 0x10e4dd278> params=<ConnectionParameters host=localhost port=5672 virtual_host=/ ssl=False>>>
INFO:amqp_server.amqp_publisher:Closing connection
INFO:pika.connection:Closing connection (200): 'Normal shutdown'
INFO:pika.connection:Connection.close is waiting for 1 channels to close: <SelectConnection CLOSING transport=<pika.adapters.utils.io_services_utils._AsyncPlaintextTransport object at 0x10e4dd278> params=<ConnectionParameters host=localhost port=5672 virtual_host=/ ssl=False>>
INFO:pika.channel:Received <Channel.CloseOk> on <Channel number=1 CLOSING conn=<SelectConnection CLOSING transport=<pika.adapters.utils.io_services_utils._AsyncPlaintextTransport object at 0x10e4dd278> params=<ConnectionParameters host=localhost port=5672 virtual_host=/ ssl=False>>>
WARNING:amqp_server.amqp_publisher:Channel 1 was closed: (0, 'Normal shutdown')
INFO:pika.adapters.utils.io_services_utils:Aborting transport connection: state=1; <socket.socket fd=9, family=AddressFamily.AF_INET6, type=SocketKind.SOCK_STREAM, proto=6, laddr=('::1', 49432, 0, 0), raddr=('::1', 5672, 0, 0)>
INFO:pika.adapters.utils.io_services_utils:_AsyncTransportBase._initate_abort(): Initiating abrupt asynchronous transport shutdown: state=1; error=None; <socket.socket fd=9, family=AddressFamily.AF_INET6, type=SocketKind.SOCK_STREAM, proto=6, laddr=('::1', 49432, 0, 0), raddr=('::1', 5672, 0, 0)>
INFO:pika.adapters.utils.io_services_utils:Deactivating transport: state=1; <socket.socket fd=9, family=AddressFamily.AF_INET6, type=SocketKind.SOCK_STREAM, proto=6, laddr=('::1', 49432, 0, 0), raddr=('::1', 5672, 0, 0)>
INFO:pika.connection:AMQP stack terminated, failed to connect, or aborted: error-arg=None; pending-error=ConnectionClosedByClient: (200) 'Normal shutdown'
INFO:pika.connection:Stack terminated due to ConnectionClosedByClient: (200) 'Normal shutdown'
INFO:pika.adapters.utils.io_services_utils:Closing transport socket and unlinking: state=3; <socket.socket fd=9, family=AddressFamily.AF_INET6, type=SocketKind.SOCK_STREAM, proto=6, laddr=('::1', 49432, 0, 0), raddr=('::1', 5672, 0, 0)>
INFO:amqp_server.amqp_publisher:Stopped
INFO:amqp_server.amqp_publisher:Connecting to amqp://admin:admin@localhost:5672/
INFO:pika.adapters.utils.connection_workflow:Pika version 1.0.1 connecting to ('::1', 5672, 0, 0)
INFO:pika.adapters.utils.io_services_utils:Socket connected: <socket.socket fd=9, family=AddressFamily.AF_INET6, type=SocketKind.SOCK_STREAM, proto=6, laddr=('::1', 49470, 0, 0), raddr=('::1', 5672, 0, 0)>
INFO:pika.adapters.utils.connection_workflow:Streaming transport linked up: (<pika.adapters.utils.io_services_utils._AsyncPlaintextTransport object at 0x10be96cc0>, _StreamingProtocolShim: <SelectConnection PROTOCOL transport=<pika.adapters.utils.io_services_utils._AsyncPlaintextTransport object at 0x10be96cc0> params=<ConnectionParameters host=localhost port=5672 virtual_host=/ ssl=False>>).
INFO:amqp_server.amqp_publisher:Connection opened
INFO:amqp_server.amqp_publisher:Creating a new channel
INFO:pika.adapters.utils.connection_workflow:AMQPConnector - reporting success: <SelectConnection OPEN transport=<pika.adapters.utils.io_services_utils._AsyncPlaintextTransport object at 0x10be96cc0> params=<ConnectionParameters host=localhost port=5672 virtual_host=/ ssl=False>>
INFO:pika.adapters.utils.connection_workflow:AMQPConnectionWorkflow - reporting success: <SelectConnection OPEN transport=<pika.adapters.utils.io_services_utils._AsyncPlaintextTransport object at 0x10be96cc0> params=<ConnectionParameters host=localhost port=5672 virtual_host=/ ssl=False>>
INFO:amqp_server.amqp_publisher:Channel opened
INFO:amqp_server.amqp_publisher:Adding channel close callback
INFO:amqp_server.amqp_publisher:Declaring exchange task_exchange
INFO:amqp_server.amqp_publisher:Exchange declared: task_exchange
INFO:amqp_server.amqp_publisher:Declaring queue task_queue
INFO:amqp_server.amqp_publisher:Binding task_exchange to task_queue with task
INFO:amqp_server.amqp_publisher:Queue bound
INFO:amqp_server.amqp_publisher:Issuing consumer related RPC commands
INFO:amqp_server.amqp_publisher:Issuing Confirm.Select RPC command
INFO:amqp_server.amqp_publisher:Scheduling next message for 1.0 seconds
INFO:amqp_server.amqp_publisher:Published message # 1
INFO:amqp_server.amqp_publisher:Scheduling next message for 1.0 seconds
INFO:amqp_server.amqp_publisher:Received ack for delivery tag: 1
INFO:amqp_server.amqp_publisher:Published 1 messages, 0 have yet to be confirmed, 1 were acked and 0 were nacked
INFO:amqp_server.amqp_publisher:Published message # 2
INFO:amqp_server.amqp_publisher:Scheduling next message for 1.0 seconds
INFO:amqp_server.amqp_publisher:Received ack for delivery tag: 2
INFO:amqp_server.amqp_publisher:Published 2 messages, 0 have yet to be confirmed, 2 were acked and 0 were nacked
INFO:amqp_server.amqp_publisher:Published message # 3
INFO:amqp_server.amqp_publisher:Scheduling next message for 1.0 seconds
INFO:amqp_server.amqp_publisher:Received ack for delivery tag: 3
INFO:amqp_server.amqp_publisher:Published 3 messages, 0 have yet to be confirmed, 3 were acked and 0 were nacked
INFO:amqp_server.amqp_publisher:Published message # 4
INFO:amqp_server.amqp_publisher:Scheduling next message for 1.0 seconds
INFO:amqp_server.amqp_publisher:Received ack for delivery tag: 4
INFO:amqp_server.amqp_publisher:Published 4 messages, 0 have yet to be confirmed, 4 were acked and 0 were nacked
INFO:amqp_server.amqp_publisher:Published message # 5
INFO:amqp_server.amqp_publisher:Scheduling next message for 1.0 seconds
INFO:amqp_server.amqp_publisher:Received ack for delivery tag: 5
INFO:amqp_server.amqp_publisher:Published 5 messages, 0 have yet to be confirmed, 5 were acked and 0 were nacked
INFO:amqp_server.amqp_publisher:Published message # 6
INFO:amqp_server.amqp_publisher:Scheduling next message for 1.0 seconds
INFO:amqp_server.amqp_publisher:Received ack for delivery tag: 6
INFO:amqp_server.amqp_publisher:Published 6 messages, 0 have yet to be confirmed, 6 were acked and 0 were nacked
INFO:amqp_server.amqp_publisher:Published message # 7
INFO:amqp_server.amqp_publisher:Scheduling next message for 1.0 seconds
INFO:amqp_server.amqp_publisher:Received ack for delivery tag: 7
INFO:amqp_server.amqp_publisher:Published 7 messages, 0 have yet to be confirmed, 7 were acked and 0 were nacked
INFO:amqp_server.amqp_publisher:Published message # 8
INFO:amqp_server.amqp_publisher:Scheduling next message for 1.0 seconds
INFO:amqp_server.amqp_publisher:Received ack for delivery tag: 8
INFO:amqp_server.amqp_publisher:Published 8 messages, 0 have yet to be confirmed, 8 were acked and 0 were nacked
INFO:amqp_server.amqp_publisher:Published message # 9
INFO:amqp_server.amqp_publisher:Scheduling next message for 1.0 seconds
INFO:amqp_server.amqp_publisher:Received ack for delivery tag: 9
INFO:amqp_server.amqp_publisher:Published 9 messages, 0 have yet to be confirmed, 9 were acked and 0 were nacked
INFO:amqp_server.amqp_publisher:Published message # 10
INFO:amqp_server.amqp_publisher:Scheduling next message for 1.0 seconds
INFO:amqp_server.amqp_publisher:Received ack for delivery tag: 10
INFO:amqp_server.amqp_publisher:Published 10 messages, 0 have yet to be confirmed, 10 were acked and 0 were nacked
INFO:amqp_server.amqp_publisher:Published message # 11
INFO:amqp_server.amqp_publisher:Scheduling next message for 1.0 seconds
INFO:amqp_server.amqp_publisher:Received ack for delivery tag: 11
INFO:amqp_server.amqp_publisher:Published 11 messages, 0 have yet to be confirmed, 11 were acked and 0 were nacked
INFO:amqp_server.amqp_publisher:Published message # 12
INFO:amqp_server.amqp_publisher:Scheduling next message for 1.0 seconds
INFO:amqp_server.amqp_publisher:Received ack for delivery tag: 12
INFO:amqp_server.amqp_publisher:Published 12 messages, 0 have yet to be confirmed, 12 were acked and 0 were nacked
INFO:amqp_server.amqp_publisher:Published message # 13
INFO:amqp_server.amqp_publisher:Scheduling next message for 1.0 seconds
INFO:amqp_server.amqp_publisher:Received ack for delivery tag: 13
INFO:amqp_server.amqp_publisher:Published 13 messages, 0 have yet to be confirmed, 13 were acked and 0 were nacked
INFO:amqp_server.amqp_publisher:Published message # 14
INFO:amqp_server.amqp_publisher:Scheduling next message for 1.0 seconds
INFO:amqp_server.amqp_publisher:Received ack for delivery tag: 14
INFO:amqp_server.amqp_publisher:Published 14 messages, 0 have yet to be confirmed, 14 were acked and 0 were nacked
INFO:amqp_server.amqp_publisher:Published message # 15
INFO:amqp_server.amqp_publisher:Scheduling next message for 1.0 seconds
INFO:amqp_server.amqp_publisher:Received ack for delivery tag: 15
INFO:amqp_server.amqp_publisher:Published 15 messages, 0 have yet to be confirmed, 15 were acked and 0 were nacked
INFO:amqp_server.amqp_publisher:Published message # 16
INFO:amqp_server.amqp_publisher:Scheduling next message for 1.0 seconds
INFO:amqp_server.amqp_publisher:Received ack for delivery tag: 16
INFO:amqp_server.amqp_publisher:Published 16 messages, 0 have yet to be confirmed, 16 were acked and 0 were nacked
INFO:amqp_server.amqp_publisher:Published message # 17
INFO:amqp_server.amqp_publisher:Scheduling next message for 1.0 seconds
INFO:amqp_server.amqp_publisher:Received ack for delivery tag: 17
INFO:amqp_server.amqp_publisher:Published 17 messages, 0 have yet to be confirmed, 17 were acked and 0 were nacked
INFO:amqp_server.amqp_publisher:Published message # 18
INFO:amqp_server.amqp_publisher:Scheduling next message for 1.0 seconds
INFO:amqp_server.amqp_publisher:Received ack for delivery tag: 18
INFO:amqp_server.amqp_publisher:Published 18 messages, 0 have yet to be confirmed, 18 were acked and 0 were nacked
INFO:amqp_server.amqp_publisher:Published message # 19
INFO:amqp_server.amqp_publisher:Scheduling next message for 1.0 seconds
INFO:amqp_server.amqp_publisher:Received ack for delivery tag: 19
INFO:amqp_server.amqp_publisher:Published 19 messages, 0 have yet to be confirmed, 19 were acked and 0 were nacked
INFO:amqp_server.amqp_publisher:Published message # 20
INFO:amqp_server.amqp_publisher:Scheduling next message for 1.0 seconds
INFO:amqp_server.amqp_publisher:Received ack for delivery tag: 20
INFO:amqp_server.amqp_publisher:Published 20 messages, 0 have yet to be confirmed, 20 were acked and 0 were nacked
INFO:amqp_server.amqp_publisher:Published message # 21
INFO:amqp_server.amqp_publisher:Scheduling next message for 1.0 seconds
INFO:amqp_server.amqp_publisher:Received ack for delivery tag: 21
INFO:amqp_server.amqp_publisher:Published 21 messages, 0 have yet to be confirmed, 21 were acked and 0 were nacked
INFO:amqp_server.amqp_publisher:Published message # 22
INFO:amqp_server.amqp_publisher:Scheduling next message for 1.0 seconds
INFO:amqp_server.amqp_publisher:Received ack for delivery tag: 22
INFO:amqp_server.amqp_publisher:Published 22 messages, 0 have yet to be confirmed, 22 were acked and 0 were nacked
INFO:amqp_server.amqp_publisher:Published message # 23
INFO:amqp_server.amqp_publisher:Scheduling next message for 1.0 seconds
INFO:amqp_server.amqp_publisher:Received ack for delivery tag: 23
INFO:amqp_server.amqp_publisher:Published 23 messages, 0 have yet to be confirmed, 23 were acked and 0 were nacked
INFO:amqp_server.amqp_publisher:Published message # 24
INFO:amqp_server.amqp_publisher:Scheduling next message for 1.0 seconds
INFO:amqp_server.amqp_publisher:Received ack for delivery tag: 24
INFO:amqp_server.amqp_publisher:Published 24 messages, 0 have yet to be confirmed, 24 were acked and 0 were nacked
INFO:amqp_server.amqp_publisher:Published message # 25
INFO:amqp_server.amqp_publisher:Scheduling next message for 1.0 seconds
INFO:amqp_server.amqp_publisher:Received ack for delivery tag: 25
INFO:amqp_server.amqp_publisher:Published 25 messages, 0 have yet to be confirmed, 25 were acked and 0 were nacked
INFO:amqp_server.amqp_publisher:Published message # 26
INFO:amqp_server.amqp_publisher:Scheduling next message for 1.0 seconds
INFO:amqp_server.amqp_publisher:Received ack for delivery tag: 26
INFO:amqp_server.amqp_publisher:Published 26 messages, 0 have yet to be confirmed, 26 were acked and 0 were nacked
INFO:amqp_server.amqp_publisher:Published message # 27
INFO:amqp_server.amqp_publisher:Scheduling next message for 1.0 seconds
INFO:amqp_server.amqp_publisher:Received ack for delivery tag: 27
INFO:amqp_server.amqp_publisher:Published 27 messages, 0 have yet to be confirmed, 27 were acked and 0 were nacked
INFO:amqp_server.amqp_publisher:Published message # 28
INFO:amqp_server.amqp_publisher:Scheduling next message for 1.0 seconds
INFO:amqp_server.amqp_publisher:Received ack for delivery tag: 28
INFO:amqp_server.amqp_publisher:Published 28 messages, 0 have yet to be confirmed, 28 were acked and 0 were nacked
INFO:amqp_server.amqp_publisher:Published message # 29
INFO:amqp_server.amqp_publisher:Scheduling next message for 1.0 seconds
INFO:amqp_server.amqp_publisher:Received ack for delivery tag: 29
INFO:amqp_server.amqp_publisher:Published 29 messages, 0 have yet to be confirmed, 29 were acked and 0 were nacked
INFO:amqp_server.amqp_publisher:Published message # 30
INFO:amqp_server.amqp_publisher:Scheduling next message for 1.0 seconds
INFO:amqp_server.amqp_publisher:Received ack for delivery tag: 30
INFO:amqp_server.amqp_publisher:Published 30 messages, 0 have yet to be confirmed, 30 were acked and 0 were nacked
INFO:amqp_server.amqp_publisher:Published message # 31
INFO:amqp_server.amqp_publisher:Scheduling next message for 1.0 seconds
INFO:amqp_server.amqp_publisher:Received ack for delivery tag: 31
INFO:amqp_server.amqp_publisher:Published 31 messages, 0 have yet to be confirmed, 31 were acked and 0 were nacked
INFO:amqp_server.amqp_publisher:Published message # 32
INFO:amqp_server.amqp_publisher:Scheduling next message for 1.0 seconds
INFO:amqp_server.amqp_publisher:Received ack for delivery tag: 32
INFO:amqp_server.amqp_publisher:Published 32 messages, 0 have yet to be confirmed, 32 were acked and 0 were nacked
INFO:amqp_server.amqp_publisher:Published message # 33
INFO:amqp_server.amqp_publisher:Scheduling next message for 1.0 seconds
INFO:amqp_server.amqp_publisher:Received ack for delivery tag: 33
INFO:amqp_server.amqp_publisher:Published 33 messages, 0 have yet to be confirmed, 33 were acked and 0 were nacked
INFO:amqp_server.amqp_publisher:Published message # 34
INFO:amqp_server.amqp_publisher:Scheduling next message for 1.0 seconds
INFO:amqp_server.amqp_publisher:Received ack for delivery tag: 34
INFO:amqp_server.amqp_publisher:Published 34 messages, 0 have yet to be confirmed, 34 were acked and 0 were nacked
INFO:amqp_server.amqp_publisher:Published message # 35
INFO:amqp_server.amqp_publisher:Scheduling next message for 1.0 seconds
INFO:amqp_server.amqp_publisher:Received ack for delivery tag: 35
INFO:amqp_server.amqp_publisher:Published 35 messages, 0 have yet to be confirmed, 35 were acked and 0 were nacked
INFO:amqp_server.amqp_publisher:Published message # 36
INFO:amqp_server.amqp_publisher:Scheduling next message for 1.0 seconds
INFO:amqp_server.amqp_publisher:Received ack for delivery tag: 36
INFO:amqp_server.amqp_publisher:Published 36 messages, 0 have yet to be confirmed, 36 were acked and 0 were nacked
INFO:amqp_server.amqp_publisher:Stopping
INFO:amqp_server.amqp_publisher:Closing the channel
INFO:pika.channel:Closing channel (0): 'Normal shutdown' on <Channel number=1 OPEN conn=<SelectConnection OPEN transport=<pika.adapters.utils.io_services_utils._AsyncPlaintextTransport object at 0x10be96cc0> params=<ConnectionParameters host=localhost port=5672 virtual_host=/ ssl=False>>>
INFO:amqp_server.amqp_publisher:Closing connection
INFO:pika.connection:Closing connection (200): 'Normal shutdown'
INFO:pika.connection:Connection.close is waiting for 1 channels to close: <SelectConnection CLOSING transport=<pika.adapters.utils.io_services_utils._AsyncPlaintextTransport object at 0x10be96cc0> params=<ConnectionParameters host=localhost port=5672 virtual_host=/ ssl=False>>
INFO:pika.channel:Received <Channel.CloseOk> on <Channel number=1 CLOSING conn=<SelectConnection CLOSING transport=<pika.adapters.utils.io_services_utils._AsyncPlaintextTransport object at 0x10be96cc0> params=<ConnectionParameters host=localhost port=5672 virtual_host=/ ssl=False>>>
WARNING:amqp_server.amqp_publisher:Channel 1 was closed: (0, 'Normal shutdown')
INFO:pika.adapters.utils.io_services_utils:Aborting transport connection: state=1; <socket.socket fd=9, family=AddressFamily.AF_INET6, type=SocketKind.SOCK_STREAM, proto=6, laddr=('::1', 49470, 0, 0), raddr=('::1', 5672, 0, 0)>
INFO:pika.adapters.utils.io_services_utils:_AsyncTransportBase._initate_abort(): Initiating abrupt asynchronous transport shutdown: state=1; error=None; <socket.socket fd=9, family=AddressFamily.AF_INET6, type=SocketKind.SOCK_STREAM, proto=6, laddr=('::1', 49470, 0, 0), raddr=('::1', 5672, 0, 0)>
INFO:pika.adapters.utils.io_services_utils:Deactivating transport: state=1; <socket.socket fd=9, family=AddressFamily.AF_INET6, type=SocketKind.SOCK_STREAM, proto=6, laddr=('::1', 49470, 0, 0), raddr=('::1', 5672, 0, 0)>
INFO:pika.connection:AMQP stack terminated, failed to connect, or aborted: error-arg=None; pending-error=ConnectionClosedByClient: (200) 'Normal shutdown'
INFO:pika.connection:Stack terminated due to ConnectionClosedByClient: (200) 'Normal shutdown'
INFO:pika.adapters.utils.io_services_utils:Closing transport socket and unlinking: state=3; <socket.socket fd=9, family=AddressFamily.AF_INET6, type=SocketKind.SOCK_STREAM, proto=6, laddr=('::1', 49470, 0, 0), raddr=('::1', 5672, 0, 0)>
INFO:amqp_server.amqp_publisher:Stopped
